[debug] [2022-11-22T07:29:19.123Z] ----------------------------------------------------------------------
[debug] [2022-11-22T07:29:19.125Z] Command:       C:\Program Files\nodejs\node.exe C:\Users\norhs\AppData\Roaming\npm\node_modules\firebase-tools\lib\bin\firebase.js deploy
[debug] [2022-11-22T07:29:19.126Z] CLI Version:   11.16.1
[debug] [2022-11-22T07:29:19.126Z] Platform:      win32
[debug] [2022-11-22T07:29:19.126Z] Node Version:  v16.17.1
[debug] [2022-11-22T07:29:19.127Z] Time:          Tue Nov 22 2022 09:29:19 GMT+0200 (Eastern European Standard Time)
[debug] [2022-11-22T07:29:19.127Z] ----------------------------------------------------------------------
[debug] 
[debug] [2022-11-22T07:29:19.195Z] > command requires scopes: ["email","openid","https://www.googleapis.com/auth/cloudplatformprojects.readonly","https://www.googleapis.com/auth/firebase","https://www.googleapis.com/auth/cloud-platform"]
[debug] [2022-11-22T07:29:19.195Z] > authorizing via signed-in user (norhsham02@gmail.com)
[debug] [2022-11-22T07:29:19.196Z] [iam] checking project el-naira for permissions ["firebase.projects.get","firebasehosting.sites.update"]
[debug] [2022-11-22T07:29:19.197Z] >>> [apiv2][query] POST https://cloudresourcemanager.googleapis.com/v1/projects/el-naira:testIamPermissions [none]
[debug] [2022-11-22T07:29:19.198Z] >>> [apiv2][(partial)header] POST https://cloudresourcemanager.googleapis.com/v1/projects/el-naira:testIamPermissions x-goog-quota-user=projects/el-naira
[debug] [2022-11-22T07:29:19.198Z] >>> [apiv2][body] POST https://cloudresourcemanager.googleapis.com/v1/projects/el-naira:testIamPermissions {"permissions":["firebase.projects.get","firebasehosting.sites.update"]}
[debug] [2022-11-22T07:29:20.757Z] <<< [apiv2][status] POST https://cloudresourcemanager.googleapis.com/v1/projects/el-naira:testIamPermissions 200
[debug] [2022-11-22T07:29:20.757Z] <<< [apiv2][body] POST https://cloudresourcemanager.googleapis.com/v1/projects/el-naira:testIamPermissions {"permissions":["firebase.projects.get","firebasehosting.sites.update"]}
[debug] [2022-11-22T07:29:20.758Z] >>> [apiv2][query] GET https://firebase.googleapis.com/v1beta1/projects/el-naira [none]
[debug] [2022-11-22T07:29:22.107Z] <<< [apiv2][status] GET https://firebase.googleapis.com/v1beta1/projects/el-naira 200
[debug] [2022-11-22T07:29:22.107Z] <<< [apiv2][body] GET https://firebase.googleapis.com/v1beta1/projects/el-naira {"projectId":"el-naira","projectNumber":"103834618040","displayName":"EL-NAIRA","name":"projects/el-naira","resources":{"hostingSite":"el-naira"},"state":"ACTIVE","etag":"1_8e526ed0-b1da-4a95-a7bf-07933c0bf2c7"}
[info] 
[info] === Deploying to 'el-naira'...
[info] 
[info] i  deploying hosting 
[debug] [2022-11-22T07:29:22.114Z] >>> [apiv2][query] POST https://firebasehosting.googleapis.com/v1beta1/projects/-/sites/el-naira/versions [none]
[debug] [2022-11-22T07:29:22.114Z] >>> [apiv2][body] POST https://firebasehosting.googleapis.com/v1beta1/projects/-/sites/el-naira/versions {"status":"CREATED","labels":{"deployment-tool":"cli-firebase"}}
[debug] [2022-11-22T07:29:24.088Z] <<< [apiv2][status] POST https://firebasehosting.googleapis.com/v1beta1/projects/-/sites/el-naira/versions 200
[debug] [2022-11-22T07:29:24.088Z] <<< [apiv2][body] POST https://firebasehosting.googleapis.com/v1beta1/projects/-/sites/el-naira/versions {"name":"projects/103834618040/sites/el-naira/versions/6e1947d95cf25d0d","status":"CREATED","config":{},"labels":{"deployment-tool":"cli-firebase"}}
[info] i  hosting[el-naira]: beginning deploy... 
[info] i  hosting[el-naira]: found 73 files in public 
[debug] [2022-11-22T07:29:24.109Z] [hosting] uploading with 200 concurrency
[debug] [2022-11-22T07:29:24.129Z] [hosting] hash cache [cHVibGlj] stored for 73 files
[debug] [2022-11-22T07:29:24.129Z] [hosting][hash queue][FINAL] {"max":15,"min":0,"avg":0.7763723097855896,"active":0,"complete":73,"success":73,"errored":0,"retried":0,"total":73,"elapsed":18}
[debug] [2022-11-22T07:29:24.130Z] >>> [apiv2][query] POST https://firebasehosting.googleapis.com/v1beta1/projects/103834618040/sites/el-naira/versions/6e1947d95cf25d0d:populateFiles [none]
[debug] [2022-11-22T07:29:24.130Z] >>> [apiv2][body] POST https://firebasehosting.googleapis.com/v1beta1/projects/103834618040/sites/el-naira/versions/6e1947d95cf25d0d:populateFiles {"files":{"/404.html":"ef550f38642f5c134377efc13fa786995fca30a294d4f2467108ff4888a87db5","/prepros.config":"27ee0cfd753f644c72897d0407c203bb2ad1a8b57a967f974bff49cb106b3019","/soon.html":"dc415a482237a00ecbdfc821b13dedff08d35e9b9c2c89775fcf17f04b4d0018","/css/all.min.css":"f463ed8f5677f83c770534d0814f4ceb5db4bace59bc2c76f28208e518803ef4","/css/main.css":"edb5526a41e981be895f067d72c38e342403e5053b90bd28fa9e2661d2870de3","/css/main.scss":"c737261965d41d373d083ebc1af4d94f63c44175201821940185f19a6e18634f","/css/normalize.css":"e7b0440a4274affbd82865cb6fefd2f7009dc34c633f6e236646faa69e538c6a","/css/prepros.config":"27ee0cfd753f644c72897d0407c203bb2ad1a8b57a967f974bff49cb106b3019","/css/soon.css":"c90e80e837240cb0db84324cbce28e257b86590e0d01b03f8930d3c45a604ffe","/css/soon.scss":"c4dae6a02f92d9f10dbfe8fa72d809bf1f1d9befb2b14179f25da6d403e5fd17","/image/choosen/15.png":"74c2c78c16fee0b93abdfc32523f625736e01409761259d0da80949940a8199a","/image/choosen/16.png":"e58a7989272f3ed1ac91452172232af3a714a4ce9da32c5c12fd317d8db72739","/image/choosen/17.png":"54f595326562009d6e6cd9b7eb5b86fa76e57eee83a2256f5db848b3506b79c6","/image/choosen/22.png":"463a9e90cf71d8283ca9f020f8a4f832d3e75aeb87cde377159a37c54d668a39","/image/choosen/drown cutted.jpg":"09919f1c0887911028e5e53a39e4edc5d00d08778cb6e145f851774669c234ab","/image/choosen/FB_IMG_1643206263391cutted.jpg":"d1e969a5749b0482b5d39702861037e80470e958a710ed955c1c510587a92368","/image/choosen/fotis-fotopoulos-SyvsTmuuZyM-unsplash cutted.jpg":"017596fef3bdca39e8ba6f346982ceb479cc84f981ce2a7cd6bcf632819e5078","/image/choosen/images (1) (10).jpeg":"a35e96ce3d4052756c5c13a2a6c1b5b5e51fe5fa862f3d204d1dbc47e7a42e0a","/image/choosen/images (1) (17) cutted.jpeg":"9f217a7596a2694e23c8fc3ff4ed540f2908d84f28bb9a4daf9380d4082ec42f","/image/choosen/images (1) (17).jpeg":"8d7de024d94ac077a15481cb1822a56743b06c2e717788bae1c0551a5e43f478","/image/choosen/images (1) (18) cutted.jpeg":"6e4358743113440e759ba64794cce86f1f8b588354cfd7ed119da3a1e6b67e92","/image/choosen/images (1) (18).jpeg":"1dda0bafe754e542d9ed69b7abe405457184e90b0d79adc50d13e6c574b6569a","/image/choosen/images (1) (19).jpg":"f1cdf8c75ec49fe266377b1162e0c1a57369a5e3f58fc21a4670559828c62266","/image/choosen/images (1) (21) cutted.jpeg":"cdbf23126a03bc37604d06113ecc47cc20a8a32527f27dffe7eb59dc23d61d6a","/image/choosen/images (1) (21).jpeg":"aeac7758205bd94702f844dc6a8da654e6cbb75f3c9c7a0be9050936f0be412c","/image/choosen/images (1) (22).jpeg":"8a1ec18728b7bdadba5bfdeb33c0286989d0bda93eccbbf44903fdda031aac87","/image/choosen/images (1) (23)done.jpg":"e4e530cfa943a8f918c4fbafbc8a25caff33f8ad5399915025f13b9efaf164a2","/image/choosen/images (1) (24).jpeg":"815128b3938f32c22f13a5c824c0c36fe422dceb4de40c8baf3afc668dc61720","/image/choosen/images (1) (25) cutted.jpeg":"21b662e88f007b23ae5694b3f58c820f59fbee156167dcf752877134ff65db41","/image/choosen/images (1) (25).jpeg":"8f763c6a74e241f151ceb35f0acf70d23026683da4a145e2bbd3a0ae2ffcdda4","/image/choosen/images (1) (26) cutted.jpeg":"5b180312d5cb58a264fb4595951dafbe2c933dc81d71b19f0cfa19336c9bae01","/image/choosen/images (1) (26).jpeg":"8e78a4e9989924c00fffdc4e13fa2f5327f09f3d55ef067207a8181bda5b63a9","/image/choosen/images (1) (27).jpeg":"8d00106d62710b780cfe41508f3f85113869c73e7b48dc0c7c3a53bf88e1e5c0","/image/choosen/images (1) (28).jpeg":"cec50580be8dcb11effefb62870a692a9a3225f3c4d7b3f3352d6806a6612314","/image/choosen/landing.jpeg":"b49d35ea89f67c2c7ea0af2b3a3731a90d41a9e5683977c4cf90bf39ac761aec","/image/choosen/landing2.jpeg":"d4593202ea87f247495ae8e01aa03a2bfd2940462f02bacecd9c11c334e5d491","/image/choosen/landing3.jpeg":"fd9b6aa57cded8a826d2a4a4c2020e2ce16d43d4383f6ecb9a8e6cb199b5db71","/image/choosen/landing4.jpeg":"fb1b47d87971cf9776fc21372ffeb5dc5e78c9556a847fcd540136b3158bd026","/image/choosen/Logo 1 -01 (1).png":"77a0baf139f515fecc8602f8e832879c2c8b06a0c6d2ae7abcbbce6cb3e23fc8","/image/choosen/Logo 1 edited.png":"fd1bce44e29a12de800d752c0949bb6e2ab6b4b33b5cce7cdb905d135ca058f8","/image/choosen/logo orange edited.png":"7f861fc84ea5c1559612fdc25b48a8dc3f1ce61d1d3099425fc80150df35c95e","/image/choosen/logo_orange.png":"7e77b08b5eed764ce0a70d99a3c6226c074957c650fa54c3b39c567ab2363112","/image/choosen/pexels-alleksana-4185952.jpg":"ee88276c32614fe68c1c1b5dce5f223af1b9cfdedeacdba9ff2c4d8177baa018","/image/choosen/pexels-fauxels-3184357.jpg":"b9615fc543b388e54ec0334ce8ad47352dfddbc26965cca61f725696520ca056","/image/choosen/pexels-fernando-arcos-211122.jpg":"e001ab3440bbbe467677158df11ce12d5b41e6778ad58eab1b18dd61ebad6788","/image/choosen/pexels-huseyn-kamaladdin-667838.jpg":"c1f4df3f4a507dea87a28a7397d0f7fe17e92b5da1f12da421e161393ffc051a","/image/choosen/pexels-igor-haritanovich-1695052.jpg":"7fcd943ad43343cc138c6b1ed9d0eccbf3a65b6a4d380a70eacce2e46cdc0075","/image/choosen/pexels-javier-gonzalez-770927.jpg":"0e66f2bf91ffba2b54703e8f9a81a10a955fd6e3a17b50f8529a1415ea07d228","/image/choosen/pexels-pixabay-207456.jpg":"02eaf4adb43183fd1cc551cd23d218ed38678f9e3867d7cec3b7470bca685154","/image/choosen/pexels-pixabay-260689.jpg":"5a0eebd274541431cdc104cdd12aace0ddc2dfbb35d3d01467718d0a8f2216d8","/image/choosen/pexels-pixabay-267507large.jpg":"e96c14cc4e08aa002008162c82961e6a7f4464fc8ca687a9f5252d69e55be863","/image/choosen/pexels-pixabay-37347.jpg":"9170e1cd9b04ce456ab9b2fc8d450935f91d25c6aec2994e258b28ce98b576de","/image/choosen/pexels-vlada-karpovich-4050318.jpg":"f8ccfb1328c8541ec5ff4eea4b9df41144f646873fba4a57596aacd0af9a8c05","/image/choosen/png-transparent-palette.png":"45e15af28523eea4f90ef2223c2fc2d667c06f5b0d1be2b93cebe1ae7e59aa5e","/image/choosen/website-baby-blue.png":"2595d240e7424d2b41ee7965163a630ba639d0ae0d55de8f8a97513aa400c722","/image/choosen/website-blue.png":"47174c344dab1e0d074247deea77ad9496fc2ecddc53887dda059914eee15d94","/image/choosen/website-green.png":"eb14e1c57645d34b43f859e9c5bb77e95b1413d584d7f0642857e6f5fe6ab2cf","/image/choosen/website-purple.png":"efaa74a3267b8a72a43758048b06a063a002ef34246296634b1be900784a1fed","/image/choosen/website-red.png":"5d3ef4ce05d7cabaab517513772b2e658acaa70879a859e6425a2c75d5b39e46","/image/choosen/website-yellow.png":"874696fc41fd7375a6be3b5587c27ab31b9bb8d1c67bb19ca15e5dc9000aa91b","/image/choosen/مايكل جاكسون الغلابه.jpg":"acfe634c88bb9165a4390c32b3da85504b7e41feab6a50fb4b7d6df9eaaff624","/image/choosen/—Pngtree—high chair free pattern_4563767.png":"5a3872064c58531b9ee438a5f8efc5d772b1c57f5aa515a1c610e1bcf2e1c80e","/webfonts/fa-brands-400.ttf":"cbb28f1b36c173ac2a97fae97977d1ed467794ae31a13ff7bbac0702903b10bb","/webfonts/fa-brands-400.woff2":"e261f9c2ecf64555174a9edd6b1facedea5c104fc050d838b7d6f6728fb87661","/webfonts/fa-regular-400.ttf":"55a48d40e384964c752d14b0907fd53b1d15dbe330c48f66ce7668b0f478dca1","/webfonts/fa-regular-400.woff2":"4eb351de6a32c0d5b53f02a185d6c26854ee8f365956fe4286318843072c75f4","/webfonts/fa-solid-900.ttf":"76690c47aa7f77d0a866439ab05aa1c7fc4aba13f4309f2fce03f00f13612390","/webfonts/fa-solid-900.woff2":"554f08879fd20e66263bce590d244e3f53c2e3b9eb800e2ffa0da61dd2f85da2","/webfonts/fa-v4compatibility.ttf":"35ab9823133f8084d582d97e228b81d66a4baf46d1210ae4f6ce60f9306ac1a8","/webfonts/fa-v4compatibility.woff2":"d06549e0e391de6ccd4311d00bb7a813bffca8d360db36c757bad488188951ab","/index.html":"6401a4c96f720bd3d5c8a34c58d1eca61bb71788d21582f6867840515cfb58b8","/javaScript/main.js":"be8a4c962ec87727a33618ef507118c898629ba1e71f46675ec1d7eded1c334c","/image/choosen/icon elnaira.png":"92549232ef4d68b4db6dede802c30d4055a38d978f8feb1d0fdc3cf7bd0299f1"}}
[debug] [2022-11-22T07:29:25.492Z] <<< [apiv2][status] POST https://firebasehosting.googleapis.com/v1beta1/projects/103834618040/sites/el-naira/versions/6e1947d95cf25d0d:populateFiles 200
[debug] [2022-11-22T07:29:25.492Z] <<< [apiv2][body] POST https://firebasehosting.googleapis.com/v1beta1/projects/103834618040/sites/el-naira/versions/6e1947d95cf25d0d:populateFiles {"uploadRequiredHashes":["6401a4c96f720bd3d5c8a34c58d1eca61bb71788d21582f6867840515cfb58b8","92549232ef4d68b4db6dede802c30d4055a38d978f8feb1d0fdc3cf7bd0299f1","be8a4c962ec87727a33618ef507118c898629ba1e71f46675ec1d7eded1c334c"],"uploadUrl":"https://upload-firebasehosting.googleapis.com/upload/sites/el-naira/versions/6e1947d95cf25d0d/files"}
[debug] [2022-11-22T07:29:25.493Z] >>> [apiv2][query] POST https://upload-firebasehosting.googleapis.com/upload/sites/el-naira/versions/6e1947d95cf25d0d/files/6401a4c96f720bd3d5c8a34c58d1eca61bb71788d21582f6867840515cfb58b8 [none]
[debug] [2022-11-22T07:29:25.493Z] >>> [apiv2][body] POST https://upload-firebasehosting.googleapis.com/upload/sites/el-naira/versions/6e1947d95cf25d0d/files/6401a4c96f720bd3d5c8a34c58d1eca61bb71788d21582f6867840515cfb58b8 [stream]
[debug] [2022-11-22T07:29:25.494Z] >>> [apiv2][query] POST https://upload-firebasehosting.googleapis.com/upload/sites/el-naira/versions/6e1947d95cf25d0d/files/92549232ef4d68b4db6dede802c30d4055a38d978f8feb1d0fdc3cf7bd0299f1 [none]
[debug] [2022-11-22T07:29:25.494Z] >>> [apiv2][body] POST https://upload-firebasehosting.googleapis.com/upload/sites/el-naira/versions/6e1947d95cf25d0d/files/92549232ef4d68b4db6dede802c30d4055a38d978f8feb1d0fdc3cf7bd0299f1 [stream]
[debug] [2022-11-22T07:29:25.494Z] >>> [apiv2][query] POST https://upload-firebasehosting.googleapis.com/upload/sites/el-naira/versions/6e1947d95cf25d0d/files/be8a4c962ec87727a33618ef507118c898629ba1e71f46675ec1d7eded1c334c [none]
[debug] [2022-11-22T07:29:25.494Z] >>> [apiv2][body] POST https://upload-firebasehosting.googleapis.com/upload/sites/el-naira/versions/6e1947d95cf25d0d/files/be8a4c962ec87727a33618ef507118c898629ba1e71f46675ec1d7eded1c334c [stream]
[debug] [2022-11-22T07:29:25.495Z] [hosting][populate queue][FINAL] {"max":1365,"min":1365,"avg":1365,"active":0,"complete":1,"success":1,"errored":0,"retried":0,"total":1,"elapsed":1367}
[debug] [2022-11-22T07:29:25.495Z] [hosting] uploads queued: 3
[debug] [2022-11-22T07:29:27.190Z] <<< [apiv2][status] POST https://upload-firebasehosting.googleapis.com/upload/sites/el-naira/versions/6e1947d95cf25d0d/files/6401a4c96f720bd3d5c8a34c58d1eca61bb71788d21582f6867840515cfb58b8 200
[debug] [2022-11-22T07:29:27.190Z] <<< [apiv2][body] POST https://upload-firebasehosting.googleapis.com/upload/sites/el-naira/versions/6e1947d95cf25d0d/files/6401a4c96f720bd3d5c8a34c58d1eca61bb71788d21582f6867840515cfb58b8 [stream]
[debug] [2022-11-22T07:29:27.309Z] <<< [apiv2][status] POST https://upload-firebasehosting.googleapis.com/upload/sites/el-naira/versions/6e1947d95cf25d0d/files/be8a4c962ec87727a33618ef507118c898629ba1e71f46675ec1d7eded1c334c 200
[debug] [2022-11-22T07:29:27.309Z] <<< [apiv2][body] POST https://upload-firebasehosting.googleapis.com/upload/sites/el-naira/versions/6e1947d95cf25d0d/files/be8a4c962ec87727a33618ef507118c898629ba1e71f46675ec1d7eded1c334c [stream]
[debug] [2022-11-22T07:29:29.006Z] <<< [apiv2][status] POST https://upload-firebasehosting.googleapis.com/upload/sites/el-naira/versions/6e1947d95cf25d0d/files/92549232ef4d68b4db6dede802c30d4055a38d978f8feb1d0fdc3cf7bd0299f1 200
[debug] [2022-11-22T07:29:29.006Z] <<< [apiv2][body] POST https://upload-firebasehosting.googleapis.com/upload/sites/el-naira/versions/6e1947d95cf25d0d/files/92549232ef4d68b4db6dede802c30d4055a38d978f8feb1d0fdc3cf7bd0299f1 [stream]
[debug] [2022-11-22T07:29:29.006Z] [hosting][upload queue][FINAL] {"max":3514,"min":1698,"avg":2342.6666666666665,"active":0,"complete":3,"success":3,"errored":0,"retried":0,"total":3,"elapsed":3514}
[info] +  hosting[el-naira]: file upload complete 
[debug] [2022-11-22T07:29:29.008Z] [hosting] deploy completed after 4918ms
[debug] [2022-11-22T07:29:29.009Z] [
  {
    "config": {
      "public": "public",
      "ignore": [
        "firebase.json",
        "**/.*",
        "**/node_modules/**"
      ],
      "site": "el-naira"
    },
    "version": "projects/103834618040/sites/el-naira/versions/6e1947d95cf25d0d"
  }
]
[info] i  hosting[el-naira]: finalizing version... 
[debug] [2022-11-22T07:29:29.011Z] >>> [apiv2][query] PATCH https://firebasehosting.googleapis.com/v1beta1/projects/-/sites/el-naira/versions/6e1947d95cf25d0d updateMask=status%2Cconfig
[debug] [2022-11-22T07:29:29.011Z] >>> [apiv2][body] PATCH https://firebasehosting.googleapis.com/v1beta1/projects/-/sites/el-naira/versions/6e1947d95cf25d0d {"status":"FINALIZED","config":{}}
